<?xml version="1.0" encoding="UTF-8"?>
<!-- Generated by org.testng.reporters.JUnitReportReporter -->
<testsuite hostname="Khadijah-Saleh" failures="0" tests="1" name="assignment03.Tester" time="1.869" errors="0" timestamp="2023-12-04T20:25:57 EET" skipped="0">
  <testcase classname="assignment03.Tester" name="testone" time="1.869"/>
  <system-out/>
</testsuite> <!-- assignment03.Tester -->
