<?xml version="1.0" encoding="UTF-8"?>
<!-- Generated by org.testng.reporters.JUnitReportReporter -->
<testsuite hostname="Khadijah-Saleh" failures="0" tests="2" name="assignments.Assignment_01" time="6.504" errors="0" timestamp="2023-11-29T23:42:31 EET" skipped="0">
  <testcase classname="assignments.Assignment_01" name="loginTest" time="6.185"/>
  <system-out/>
  <testcase classname="assignments.Assignment_01" name="addToCartProcess" time="0.319"/>
  <system-out/>
</testsuite> <!-- assignments.Assignment_01 -->
